  test.cpp
D:\RBTreeWithIterator\RBTreeWithIterator\RBTree.h(49,10): warning C4552: ”/“: 未使用表达式结果
  (编译源文件“test.cpp”)
      D:\RBTreeWithIterator\RBTreeWithIterator\RBTree.h(49,10):
      模板实例化上下文(最早的实例化上下文)为
          D:\RBTreeWithIterator\RBTreeWithIterator\test.cpp(15,14):
          查看对正在编译的 类 模板 实例化“RBTreeIterator<T>”的引用
          with
          [
              T=int
          ]
          D:\RBTreeWithIterator\RBTreeWithIterator\RBTree.h(40,8):
          在编译 类 模板 成员函数“RBTreeIterator<T> &RBTreeIterator<T>::operator ++(void)”时
          with
          [
              T=int
          ]
              D:\RBTreeWithIterator\RBTreeWithIterator\test.cpp(19,3):
              请参阅 "main" 中对 "RBTreeIterator<T>::operator ++" 的第一个引用
          with
          [
              T=int
          ]
  
  RBTreeWithIterator.vcxproj -> D:\RBTreeWithIterator\x64\Debug\RBTreeWithIterator.exe
